22:26:25.619 [main] DEBUG com.intuit.karate.Suite - [config] classpath:karate-config.js
22:26:27.318 [pool-1-thread-1] INFO  com.intuit.karate - karate.env system property was: null 
22:26:27.354 [pool-1-thread-2] INFO  com.intuit.karate - karate.env system property was: null 
22:26:27.616 [pool-1-thread-1] DEBUG com.intuit.karate - request:
1 > GET https://jsonplaceholder.typicode.com/users
1 > Host: jsonplaceholder.typicode.com
1 > Connection: Keep-Alive
1 > User-Agent: Apache-HttpClient/4.5.14 (Java/11.0.16.1)
1 > Accept-Encoding: gzip,deflate


22:26:27.631 [pool-1-thread-2] DEBUG com.intuit.karate - request:
1 > POST https://jsonplaceholder.typicode.com/users
1 > Content-Type: application/json; charset=UTF-8
1 > Content-Length: 160
1 > Host: jsonplaceholder.typicode.com
1 > Connection: Keep-Alive
1 > User-Agent: Apache-HttpClient/4.5.14 (Java/11.0.16.1)
1 > Accept-Encoding: gzip,deflate
{"name":"Test User","username":"testuser","email":"test@user.com","address":{"street":"Has No Name","suite":"Apt. 123","city":"Electri","zipcode":"54321-6789"}}

22:26:28.190 [pool-1-thread-1] DEBUG com.intuit.karate - response time in milliseconds: 574
1 < 200
1 < Date: Sat, 24 Jun 2023 16:56:28 GMT
1 < Content-Type: application/json; charset=utf-8
1 < Transfer-Encoding: chunked
1 < Connection: keep-alive
1 < X-Powered-By: Express
1 < X-Ratelimit-Limit: 1000
1 < X-Ratelimit-Remaining: 999
1 < X-Ratelimit-Reset: 1663123245
1 < Vary: Origin, Accept-Encoding
1 < Access-Control-Allow-Credentials: true
1 < Cache-Control: max-age=43200
1 < Pragma: no-cache
1 < Expires: -1
1 < X-Content-Type-Options: nosniff
1 < Etag: W/"160d-1eMSsxeJRfnVLRBmYJSbCiJZ1qQ"
1 < Via: 1.1 vegur
1 < CF-Cache-Status: HIT
1 < Age: 6970
1 < Report-To: {"endpoints":[{"url":"https:\/\/a.nel.cloudflare.com\/report\/v3?s=sol1lwoGIioffcwTs8EFfPXPnwkyVNL7%2FdKhrN%2FJI71EOAR7HIos2DT5U5tdJAQ%2BtbgBUHxacdS9Fjav39MKPJ0uDYcMGTpuSMOaWKaLan3SpzuxhkSGeSl67B20oE4GueBGJJylWSlVLOV%2FjDPk"}],"group":"cf-nel","max_age":604800}
1 < NEL: {"success_fraction":0,"report_to":"cf-nel","max_age":604800}
1 < Server: cloudflare
1 < CF-RAY: 7dc6811829646bdf-SIN
1 < alt-svc: h3=":443"; ma=86400
[
  {
    "id": 1,
    "name": "Leanne Graham",
    "username": "Bret",
    "email": "Sincere@april.biz",
    "address": {
      "street": "Kulas Light",
      "suite": "Apt. 556",
      "city": "Gwenborough",
      "zipcode": "92998-3874",
      "geo": {
        "lat": "-37.3159",
        "lng": "81.1496"
      }
    },
    "phone": "1-770-736-8031 x56442",
    "website": "hildegard.org",
    "company": {
      "name": "Romaguera-Crona",
      "catchPhrase": "Multi-layered client-server neural-net",
      "bs": "harness real-time e-markets"
    }
  },
  {
    "id": 2,
    "name": "Ervin Howell",
    "username": "Antonette",
    "email": "Shanna@melissa.tv",
    "address": {
      "street": "Victor Plains",
      "suite": "Suite 879",
      "city": "Wisokyburgh",
      "zipcode": "90566-7771",
      "geo": {
        "lat": "-43.9509",
        "lng": "-34.4618"
      }
    },
    "phone": "010-692-6593 x09125",
    "website": "anastasia.net",
    "company": {
      "name": "Deckow-Crist",
      "catchPhrase": "Proactive didactic contingency",
      "bs": "synergize scalable supply-chains"
    }
  },
  {
    "id": 3,
    "name": "Clementine Bauch",
    "username": "Samantha",
    "email": "Nathan@yesenia.net",
    "address": {
      "street": "Douglas Extension",
      "suite": "Suite 847",
      "city": "McKenziehaven",
      "zipcode": "59590-4157",
      "geo": {
        "lat": "-68.6102",
        "lng": "-47.0653"
      }
    },
    "phone": "1-463-123-4447",
    "website": "ramiro.info",
    "company": {
      "name": "Romaguera-Jacobson",
      "catchPhrase": "Face to face bifurcated interface",
      "bs": "e-enable strategic applications"
    }
  },
  {
    "id": 4,
    "name": "Patricia Lebsack",
    "username": "Karianne",
    "email": "Julianne.OConner@kory.org",
    "address": {
      "street": "Hoeger Mall",
      "suite": "Apt. 692",
      "city": "South Elvis",
      "zipcode": "53919-4257",
      "geo": {
        "lat": "29.4572",
        "lng": "-164.2990"
      }
    },
    "phone": "493-170-9623 x156",
    "website": "kale.biz",
    "company": {
      "name": "Robel-Corkery",
      "catchPhrase": "Multi-tiered zero tolerance productivity",
      "bs": "transition cutting-edge web services"
    }
  },
  {
    "id": 5,
    "name": "Chelsey Dietrich",
    "username": "Kamren",
    "email": "Lucio_Hettinger@annie.ca",
    "address": {
      "street": "Skiles Walks",
      "suite": "Suite 351",
      "city": "Roscoeview",
      "zipcode": "33263",
      "geo": {
        "lat": "-31.8129",
        "lng": "62.5342"
      }
    },
    "phone": "(254)954-1289",
    "website": "demarco.info",
    "company": {
      "name": "Keebler LLC",
      "catchPhrase": "User-centric fault-tolerant solution",
      "bs": "revolutionize end-to-end systems"
    }
  },
  {
    "id": 6,
    "name": "Mrs. Dennis Schulist",
    "username": "Leopoldo_Corkery",
    "email": "Karley_Dach@jasper.info",
    "address": {
      "street": "Norberto Crossing",
      "suite": "Apt. 950",
      "city": "South Christy",
      "zipcode": "23505-1337",
      "geo": {
        "lat": "-71.4197",
        "lng": "71.7478"
      }
    },
    "phone": "1-477-935-8478 x6430",
    "website": "ola.org",
    "company": {
      "name": "Considine-Lockman",
      "catchPhrase": "Synchronised bottom-line interface",
      "bs": "e-enable innovative applications"
    }
  },
  {
    "id": 7,
    "name": "Kurtis Weissnat",
    "username": "Elwyn.Skiles",
    "email": "Telly.Hoeger@billy.biz",
    "address": {
      "street": "Rex Trail",
      "suite": "Suite 280",
      "city": "Howemouth",
      "zipcode": "58804-1099",
      "geo": {
        "lat": "24.8918",
        "lng": "21.8984"
      }
    },
    "phone": "210.067.6132",
    "website": "elvis.io",
    "company": {
      "name": "Johns Group",
      "catchPhrase": "Configurable multimedia task-force",
      "bs": "generate enterprise e-tailers"
    }
  },
  {
    "id": 8,
    "name": "Nicholas Runolfsdottir V",
    "username": "Maxime_Nienow",
    "email": "Sherwood@rosamond.me",
    "address": {
      "street": "Ellsworth Summit",
      "suite": "Suite 729",
      "city": "Aliyaview",
      "zipcode": "45169",
      "geo": {
        "lat": "-14.3990",
        "lng": "-120.7677"
      }
    },
    "phone": "586.493.6943 x140",
    "website": "jacynthe.com",
    "company": {
      "name": "Abernathy Group",
      "catchPhrase": "Implemented secondary concept",
      "bs": "e-enable extensible e-tailers"
    }
  },
  {
    "id": 9,
    "name": "Glenna Reichert",
    "username": "Delphine",
    "email": "Chaim_McDermott@dana.io",
    "address": {
      "street": "Dayna Park",
      "suite": "Suite 449",
      "city": "Bartholomebury",
      "zipcode": "76495-3109",
      "geo": {
        "lat": "24.6463",
        "lng": "-168.8889"
      }
    },
    "phone": "(775)976-6794 x41206",
    "website": "conrad.com",
    "company": {
      "name": "Yost and Sons",
      "catchPhrase": "Switchable contextually-based project",
      "bs": "aggregate real-time technologies"
    }
  },
  {
    "id": 10,
    "name": "Clementina DuBuque",
    "username": "Moriah.Stanton",
    "email": "Rey.Padberg@karina.biz",
    "address": {
      "street": "Kattie Turnpike",
      "suite": "Suite 198",
      "city": "Lebsackbury",
      "zipcode": "31428-2261",
      "geo": {
        "lat": "-38.2386",
        "lng": "57.2232"
      }
    },
    "phone": "024-648-3804",
    "website": "ambrose.net",
    "company": {
      "name": "Hoeger LLC",
      "catchPhrase": "Centralized empowering task-force",
      "bs": "target end-to-end models"
    }
  }
]

22:26:28.251 [pool-1-thread-1] DEBUG com.intuit.karate - request:
2 > GET https://jsonplaceholder.typicode.com/users/1
2 > Host: jsonplaceholder.typicode.com
2 > Connection: Keep-Alive
2 > User-Agent: Apache-HttpClient/4.5.14 (Java/11.0.16.1)
2 > Accept-Encoding: gzip,deflate


22:26:28.535 [pool-1-thread-1] DEBUG com.intuit.karate - response time in milliseconds: 283
2 < 200
2 < Date: Sat, 24 Jun 2023 16:56:28 GMT
2 < Content-Type: application/json; charset=utf-8
2 < Transfer-Encoding: chunked
2 < Connection: keep-alive
2 < X-Powered-By: Express
2 < X-Ratelimit-Limit: 1000
2 < X-Ratelimit-Remaining: 999
2 < X-Ratelimit-Reset: 1685699796
2 < Vary: Origin, Accept-Encoding
2 < Access-Control-Allow-Credentials: true
2 < Cache-Control: max-age=43200
2 < Pragma: no-cache
2 < Expires: -1
2 < X-Content-Type-Options: nosniff
2 < Etag: W/"1fd-+2Y3G3w049iSZtw5t1mzSnunngE"
2 < Via: 1.1 vegur
2 < CF-Cache-Status: HIT
2 < Age: 7629
2 < Report-To: {"endpoints":[{"url":"https:\/\/a.nel.cloudflare.com\/report\/v3?s=YS1AwKGYJHv8BktlwttiyMNF%2BMzNCgLhfaYzuVD%2BdcJY3zohBu9f80JT7S0%2FdF%2FvpvTBOUzZJAOveAYl8O62045J3dYBaR7q2RG9%2Fw9r60UYX6vXprE75sHe5mZZ8A5%2F2IBBwc09NBotTHwABlmf"}],"group":"cf-nel","max_age":604800}
2 < NEL: {"success_fraction":0,"report_to":"cf-nel","max_age":604800}
2 < Server: cloudflare
2 < CF-RAY: 7dc6811aa8494d5d-SIN
2 < alt-svc: h3=":443"; ma=86400
{
  "id": 1,
  "name": "Leanne Graham",
  "username": "Bret",
  "email": "Sincere@april.biz",
  "address": {
    "street": "Kulas Light",
    "suite": "Apt. 556",
    "city": "Gwenborough",
    "zipcode": "92998-3874",
    "geo": {
      "lat": "-37.3159",
      "lng": "81.1496"
    }
  },
  "phone": "1-770-736-8031 x56442",
  "website": "hildegard.org",
  "company": {
    "name": "Romaguera-Crona",
    "catchPhrase": "Multi-layered client-server neural-net",
    "bs": "harness real-time e-markets"
  }
}

22:26:28.675 [pool-1-thread-2] DEBUG com.intuit.karate - response time in milliseconds: 1044
1 < 201
1 < Date: Sat, 24 Jun 2023 16:56:28 GMT
1 < Content-Type: application/json; charset=utf-8
1 < Content-Length: 216
1 < Connection: keep-alive
1 < X-Powered-By: Express
1 < X-Ratelimit-Limit: 1000
1 < X-Ratelimit-Remaining: 999
1 < X-Ratelimit-Reset: 1687625806
1 < Vary: Origin, X-HTTP-Method-Override, Accept-Encoding
1 < Access-Control-Allow-Credentials: true
1 < Cache-Control: no-cache
1 < Pragma: no-cache
1 < Expires: -1
1 < Access-Control-Expose-Headers: Location
1 < Location: http://jsonplaceholder.typicode.com/users/11
1 < X-Content-Type-Options: nosniff
1 < Etag: W/"d8-pYV7+YuMGP2hxHPU9ARrf97ifDA"
1 < Via: 1.1 vegur
1 < CF-Cache-Status: DYNAMIC
1 < Report-To: {"endpoints":[{"url":"https:\/\/a.nel.cloudflare.com\/report\/v3?s=dKYYlfqBkV7fXnJYXp72z8nAq%2FThTqbipIoSZlX8GfoOOqgd9jZkVIfm2aR0mdyKwoHXkUR6DRuavML19ENxIFnWpCJRzKqMsh0CNeXfgwOHiKke2Z8lIDXB7IntEb0sJLy9H8bh9QKOqCLhUw0k"}],"group":"cf-nel","max_age":604800}
1 < NEL: {"success_fraction":0,"report_to":"cf-nel","max_age":604800}
1 < Server: cloudflare
1 < CF-RAY: 7dc681183876a3ec-SIN
1 < alt-svc: h3=":443"; ma=86400
{
  "name": "Test User",
  "username": "testuser",
  "email": "test@user.com",
  "address": {
    "street": "Has No Name",
    "suite": "Apt. 123",
    "city": "Electri",
    "zipcode": "54321-6789"
  },
  "id": 11
}

22:26:28.691 [pool-1-thread-2] INFO  com.intuit.karate - [print] created id is:  11 
22:26:29.741 [pool-2-thread-1] INFO  com.intuit.karate.Suite - <<pass>> feature 1 of 1 (0 remaining) classpath:examples/users/users.feature
20:34:07.484 [main] DEBUG com.intuit.karate.Suite - [config] classpath:karate-config.js
20:34:07.511 [main] WARN  com.intuit.karate.Suite - failed to backup existing dir: target\karate-reports
20:34:09.152 [pool-1-thread-1] INFO  com.intuit.karate - karate.env system property was: null 
20:34:09.646 [pool-1-thread-1] DEBUG com.intuit.karate - request:
1 > GET https://conduit.productionready.io/api/tags
1 > Host: conduit.productionready.io
1 > Connection: Keep-Alive
1 > User-Agent: Apache-HttpClient/4.5.14 (Java/11.0.16.1)
1 > Accept-Encoding: gzip,deflate


20:34:09.868 [pool-1-thread-1] DEBUG com.intuit.karate - request:
2 > GET https://conduit.productionready.io/api/tags
2 > Host: api.realworld.io
2 > Connection: Keep-Alive
2 > User-Agent: Apache-HttpClient/4.5.14 (Java/11.0.16.1)
2 > Accept-Encoding: gzip,deflate


20:34:10.629 [pool-1-thread-1] DEBUG com.intuit.karate - response time in milliseconds: 749
2 < 503
2 < Date: Sun, 25 Jun 2023 15:04:11 GMT
2 < Content-Type: text/html; charset=utf-8
2 < Transfer-Encoding: chunked
2 < Connection: keep-alive
2 < Cache-Control: no-cache, no-store
2 < CF-Cache-Status: DYNAMIC
2 < Report-To: {"endpoints":[{"url":"https:\/\/a.nel.cloudflare.com\/report\/v3?s=JLs2NHYKf7AXY4nQcnChDgIF6UL8JFXy6wg0wH4Ro0vvSkqWW%2BAgj64gEfyoW9aT7gPHQ8ntCTVOS9pqHOcRSVqmpwDWbTY%2FW35t%2B1MHqTCV543J1AOIFuCueIOE9t3c7R8T"}],"group":"cf-nel","max_age":604800}
2 < NEL: {"success_fraction":0,"report_to":"cf-nel","max_age":604800}
2 < Server: cloudflare
2 < CF-RAY: 7dce19fa898585e8-BOM
2 < alt-svc: h3=":443"; ma=86400
<!DOCTYPE html>
	<html>
	  <head>
		<meta name="viewport" content="width=device-width, initial-scale=1">
		<meta charset="utf-8">
		<title>Application Error</title>
		<style media="screen">
		  html,body,iframe {
			margin: 0;
			padding: 0;
		  }
		  html,body {
			height: 100%;
			overflow: hidden;
		  }
		  iframe {
			width: 100%;
			height: 100%;
			border: 0;
		  }
		</style>
	  </head>
	  <body>
		<iframe src="//www.herokucdn.com/error-pages/application-error.html"></iframe>
	  </body>
	</html>

20:34:10.719 [pool-1-thread-1] ERROR com.intuit.karate - classpath:conduitApp/feature/HomePage.feature:10
Then status 200
status code was: 503, expected: 200, response time in milliseconds: 749, url: https://conduit.productionready.io/api/tags, response: 
<!DOCTYPE html>
	<html>
	  <head>
		<meta name="viewport" content="width=device-width, initial-scale=1">
		<meta charset="utf-8">
		<title>Application Error</title>
		<style media="screen">
		  html,body,iframe {
			margin: 0;
			padding: 0;
		  }
		  html,body {
			height: 100%;
			overflow: hidden;
		  }
		  iframe {
			width: 100%;
			height: 100%;
			border: 0;
		  }
		</style>
	  </head>
	  <body>
		<iframe src="//www.herokucdn.com/error-pages/application-error.html"></iframe>
	  </body>
	</html>
classpath:conduitApp/feature/HomePage.feature:10
20:34:11.538 [pool-2-thread-1] INFO  com.intuit.karate.Suite - <<fail>> feature 1 of 1 (0 remaining) classpath:conduitApp/feature/HomePage.feature
20:47:17.016 [main] DEBUG com.intuit.karate.Suite - [config] classpath:karate-config.js
20:47:17.029 [main] WARN  com.intuit.karate.Suite - failed to backup existing dir: target\karate-reports
20:47:18.379 [pool-1-thread-1] INFO  com.intuit.karate - karate.env system property was: null 
20:47:18.834 [pool-1-thread-1] DEBUG com.intuit.karate - request:
1 > GET https://demo.productionready.io/api/tags
1 > Host: demo.productionready.io
1 > Connection: Keep-Alive
1 > User-Agent: Apache-HttpClient/4.5.14 (Java/11.0.16.1)
1 > Accept-Encoding: gzip,deflate


20:47:19.781 [pool-1-thread-1] DEBUG com.intuit.karate - response time in milliseconds: 942
1 < 403
1 < Date: Sun, 25 Jun 2023 15:17:20 GMT
1 < Content-Type: text/html; charset=utf-8
1 < Transfer-Encoding: chunked
1 < Connection: keep-alive
1 < x-amz-request-id: GM8STF24D767ZN8H
1 < x-amz-id-2: +XcNX2DHUzj3E/irEvJSKaxkq5k+IJhI2ShkxgIUZvmNpcEBMItzyCCQbIkWAuOkgbKrGwZ2O7g=
1 < CF-Cache-Status: DYNAMIC
1 < Report-To: {"endpoints":[{"url":"https:\/\/a.nel.cloudflare.com\/report\/v3?s=bmuqhcjJ91OrSlf%2FNAF69U2TyWhYs2c3b81k7Evrlb0ysfcBVsUDs6w3ZwpAOis%2Bc13v6pvJ8LJfHDmJZiy7T8oSaX0hgAvrwAX%2Fbf3STlhtO2Ae3AoDnYHl3f9EV9EPQJlBixb%2Fhw3z4A%3D%3D"}],"group":"cf-nel","max_age":604800}
1 < NEL: {"success_fraction":0,"report_to":"cf-nel","max_age":604800}
1 < Server: cloudflare
1 < CF-RAY: 7dce2d3ebcb8f35f-BOM
1 < alt-svc: h3=":443"; ma=86400
<html>
<head><title>403 Forbidden</title></head>
<body>
<h1>403 Forbidden</h1>
<ul>
<li>Code: AccessDenied</li>
<li>Message: Access Denied</li>
<li>RequestId: GM8STF24D767ZN8H</li>
<li>HostId: +XcNX2DHUzj3E/irEvJSKaxkq5k+IJhI2ShkxgIUZvmNpcEBMItzyCCQbIkWAuOkgbKrGwZ2O7g=</li>
</ul>
<hr/>
</body>
</html>


20:47:19.853 [pool-1-thread-1] ERROR com.intuit.karate - classpath:conduitApp/feature/HomePage.feature:11
Then status 200
status code was: 403, expected: 200, response time in milliseconds: 942, url: https://demo.productionready.io/api/tags, response: 
<html>
<head><title>403 Forbidden</title></head>
<body>
<h1>403 Forbidden</h1>
<ul>
<li>Code: AccessDenied</li>
<li>Message: Access Denied</li>
<li>RequestId: GM8STF24D767ZN8H</li>
<li>HostId: +XcNX2DHUzj3E/irEvJSKaxkq5k+IJhI2ShkxgIUZvmNpcEBMItzyCCQbIkWAuOkgbKrGwZ2O7g=</li>
</ul>
<hr/>
</body>
</html>

classpath:conduitApp/feature/HomePage.feature:11
20:47:20.711 [pool-2-thread-1] INFO  com.intuit.karate.Suite - <<fail>> feature 1 of 1 (0 remaining) classpath:conduitApp/feature/HomePage.feature
21:02:14.610 [main] DEBUG com.intuit.karate.Suite - [config] classpath:karate-config.js
21:02:14.622 [main] WARN  com.intuit.karate.Suite - failed to backup existing dir: target\karate-reports
21:02:16.113 [pool-1-thread-2] INFO  com.intuit.karate - karate.env system property was: null 
21:02:16.147 [pool-1-thread-1] INFO  com.intuit.karate - karate.env system property was: null 
21:02:16.642 [pool-1-thread-1] DEBUG com.intuit.karate - request:
1 > GET https://conduit.productionready.io/api/tags
1 > Host: conduit.productionready.io
1 > Connection: Keep-Alive
1 > User-Agent: Apache-HttpClient/4.5.14 (Java/11.0.16.1)
1 > Accept-Encoding: gzip,deflate


21:02:16.642 [pool-1-thread-2] DEBUG com.intuit.karate - request:
1 > GET https://conduit.productionready.io/api/articles?limit=10&offset=0
1 > Host: conduit.productionready.io
1 > Connection: Keep-Alive
1 > User-Agent: Apache-HttpClient/4.5.14 (Java/11.0.16.1)
1 > Accept-Encoding: gzip,deflate


21:02:23.757 [pool-1-thread-2] ERROR com.intuit.karate - java.net.UnknownHostException: No such host is known (conduit.productionready.io), http call failed after 7548 milliseconds for url: https://conduit.productionready.io/api/articles?limit=10&offset=0
21:02:23.757 [pool-1-thread-1] ERROR com.intuit.karate - java.net.UnknownHostException: conduit.productionready.io, http call failed after 7551 milliseconds for url: https://conduit.productionready.io/api/tags
21:02:23.791 [pool-1-thread-2] ERROR com.intuit.karate - classpath:conduitApp/feature/HomePage.feature:17
When method Get
http call failed after 7548 milliseconds for url: https://conduit.productionready.io/api/articles?limit=10&offset=0
java.net.UnknownHostException: No such host is known (conduit.productionready.io)
classpath:conduitApp/feature/HomePage.feature:17
21:02:23.791 [pool-1-thread-1] ERROR com.intuit.karate - classpath:conduitApp/feature/HomePage.feature:10
When method Get
http call failed after 7551 milliseconds for url: https://conduit.productionready.io/api/tags
java.net.UnknownHostException: conduit.productionready.io
classpath:conduitApp/feature/HomePage.feature:10
21:02:24.717 [pool-2-thread-1] INFO  com.intuit.karate.Suite - <<fail>> feature 1 of 1 (0 remaining) classpath:conduitApp/feature/HomePage.feature
